::1 - - [12/May/2020:09:12:27 +0000] "GET / HTTP/1.1" 200 2125 "-" "Mozilla/5.0 (Windows NT 10.0; Win64; x64) AppleWebKit/537.36 (KHTML, like Gecko) Chrome/81.0.4044.138 Safari/537.36"
::1 - - [12/May/2020:09:12:27 +0000] "GET /config.js HTTP/1.1" 404 148 "http://localhost:8080/" "Mozilla/5.0 (Windows NT 10.0; Win64; x64) AppleWebKit/537.36 (KHTML, like Gecko) Chrome/81.0.4044.138 Safari/537.36"
::1 - - [12/May/2020:09:12:27 +0000] "GET /favicon.ico HTTP/1.1" 200 4158 "http://localhost:8080/" "Mozilla/5.0 (Windows NT 10.0; Win64; x64) AppleWebKit/537.36 (KHTML, like Gecko) Chrome/81.0.4044.138 Safari/537.36"
::1 - - [12/May/2020:09:44:56 +0000] "GET / HTTP/1.1" 304 - "-" "Mozilla/5.0 (Windows NT 10.0; Win64; x64) AppleWebKit/537.36 (KHTML, like Gecko) Chrome/81.0.4044.138 Safari/537.36"
::1 - - [12/May/2020:09:44:56 +0000] "GET /config.js HTTP/1.1" 404 148 "http://localhost:8080/" "Mozilla/5.0 (Windows NT 10.0; Win64; x64) AppleWebKit/537.36 (KHTML, like Gecko) Chrome/81.0.4044.138 Safari/537.36"
::1 - - [12/May/2020:09:45:24 +0000] "GET /common/register HTTP/1.1" 404 154 "-" "Mozilla/5.0 (Windows NT 10.0; Win64; x64) AppleWebKit/537.36 (KHTML, like Gecko) Chrome/81.0.4044.138 Safari/537.36"
::1 - - [12/May/2020:09:45:28 +0000] "GET /common/register HTTP/1.1" 404 154 "-" "Mozilla/5.0 (Windows NT 10.0; Win64; x64) AppleWebKit/537.36 (KHTML, like Gecko) Chrome/81.0.4044.138 Safari/537.36"
::1 - - [12/May/2020:09:45:30 +0000] "GET /common/register HTTP/1.1" 404 154 "-" "Mozilla/5.0 (Windows NT 10.0; Win64; x64) AppleWebKit/537.36 (KHTML, like Gecko) Chrome/81.0.4044.138 Safari/537.36"
::1 - - [12/May/2020:09:45:31 +0000] "GET /common/register HTTP/1.1" 404 154 "-" "Mozilla/5.0 (Windows NT 10.0; Win64; x64) AppleWebKit/537.36 (KHTML, like Gecko) Chrome/81.0.4044.138 Safari/537.36"
::1 - - [12/May/2020:09:45:31 +0000] "GET /common/register HTTP/1.1" 404 154 "-" "Mozilla/5.0 (Windows NT 10.0; Win64; x64) AppleWebKit/537.36 (KHTML, like Gecko) Chrome/81.0.4044.138 Safari/537.36"
::1 - - [12/May/2020:09:45:48 +0000] "GET /common/register HTTP/1.1" 404 154 "-" "Mozilla/5.0 (Windows NT 10.0; Win64; x64) AppleWebKit/537.36 (KHTML, like Gecko) Chrome/81.0.4044.138 Safari/537.36"
::1 - - [12/May/2020:09:45:48 +0000] "GET /common/register HTTP/1.1" 404 154 "-" "Mozilla/5.0 (Windows NT 10.0; Win64; x64) AppleWebKit/537.36 (KHTML, like Gecko) Chrome/81.0.4044.138 Safari/537.36"
::1 - - [12/May/2020:09:45:48 +0000] "GET /common/register HTTP/1.1" 404 154 "-" "Mozilla/5.0 (Windows NT 10.0; Win64; x64) AppleWebKit/537.36 (KHTML, like Gecko) Chrome/81.0.4044.138 Safari/537.36"
::1 - - [12/May/2020:09:46:23 +0000] "GET /common/register HTTP/1.1" 404 154 "-" "Mozilla/5.0 (Windows NT 10.0; Win64; x64) AppleWebKit/537.36 (KHTML, like Gecko) Chrome/81.0.4044.138 Safari/537.36"
::1 - - [12/May/2020:09:46:23 +0000] "GET /common/register HTTP/1.1" 404 154 "-" "Mozilla/5.0 (Windows NT 10.0; Win64; x64) AppleWebKit/537.36 (KHTML, like Gecko) Chrome/81.0.4044.138 Safari/537.36"
::1 - - [12/May/2020:09:47:04 +0000] "GET /common/register HTTP/1.1" 404 154 "-" "Mozilla/5.0 (Windows NT 10.0; Win64; x64) AppleWebKit/537.36 (KHTML, like Gecko) Chrome/81.0.4044.138 Safari/537.36"
::1 - - [12/May/2020:09:47:52 +0000] "GET /common/register HTTP/1.1" 404 154 "-" "Mozilla/5.0 (Windows NT 10.0; Win64; x64) AppleWebKit/537.36 (KHTML, like Gecko) Chrome/81.0.4044.138 Safari/537.36"
::1 - - [12/May/2020:09:47:57 +0000] "GET /common/register HTTP/1.1" 404 154 "-" "Mozilla/5.0 (Windows NT 10.0; Win64; x64) AppleWebKit/537.36 (KHTML, like Gecko) Chrome/81.0.4044.138 Safari/537.36"
::1 - - [12/May/2020:09:47:58 +0000] "GET /common/register HTTP/1.1" 404 154 "-" "Mozilla/5.0 (Windows NT 10.0; Win64; x64) AppleWebKit/537.36 (KHTML, like Gecko) Chrome/81.0.4044.138 Safari/537.36"
::1 - - [12/May/2020:09:47:58 +0000] "GET /common/register HTTP/1.1" 404 154 "-" "Mozilla/5.0 (Windows NT 10.0; Win64; x64) AppleWebKit/537.36 (KHTML, like Gecko) Chrome/81.0.4044.138 Safari/537.36"
::1 - - [12/May/2020:09:47:58 +0000] "GET /common/register HTTP/1.1" 404 154 "-" "Mozilla/5.0 (Windows NT 10.0; Win64; x64) AppleWebKit/537.36 (KHTML, like Gecko) Chrome/81.0.4044.138 Safari/537.36"
::1 - - [12/May/2020:09:47:58 +0000] "GET /common/register HTTP/1.1" 404 154 "-" "Mozilla/5.0 (Windows NT 10.0; Win64; x64) AppleWebKit/537.36 (KHTML, like Gecko) Chrome/81.0.4044.138 Safari/537.36"
::1 - - [12/May/2020:09:47:59 +0000] "GET /common/register HTTP/1.1" 404 154 "-" "Mozilla/5.0 (Windows NT 10.0; Win64; x64) AppleWebKit/537.36 (KHTML, like Gecko) Chrome/81.0.4044.138 Safari/537.36"
::1 - - [12/May/2020:09:47:59 +0000] "GET /common/register HTTP/1.1" 404 154 "-" "Mozilla/5.0 (Windows NT 10.0; Win64; x64) AppleWebKit/537.36 (KHTML, like Gecko) Chrome/81.0.4044.138 Safari/537.36"
::1 - - [12/May/2020:09:47:59 +0000] "GET /common/register HTTP/1.1" 404 154 "-" "Mozilla/5.0 (Windows NT 10.0; Win64; x64) AppleWebKit/537.36 (KHTML, like Gecko) Chrome/81.0.4044.138 Safari/537.36"
::1 - - [12/May/2020:09:48:00 +0000] "GET /common/register HTTP/1.1" 404 154 "-" "Mozilla/5.0 (Windows NT 10.0; Win64; x64) AppleWebKit/537.36 (KHTML, like Gecko) Chrome/81.0.4044.138 Safari/537.36"
::1 - - [12/May/2020:09:48:00 +0000] "GET /common/register HTTP/1.1" 404 154 "-" "Mozilla/5.0 (Windows NT 10.0; Win64; x64) AppleWebKit/537.36 (KHTML, like Gecko) Chrome/81.0.4044.138 Safari/537.36"
::1 - - [12/May/2020:09:48:37 +0000] "GET /public/casual1 HTTP/1.1" 404 153 "-" "Mozilla/5.0 (Windows NT 10.0; Win64; x64) AppleWebKit/537.36 (KHTML, like Gecko) Chrome/81.0.4044.138 Safari/537.36"
::1 - - [12/May/2020:09:48:39 +0000] "GET /public/casual1 HTTP/1.1" 404 153 "-" "Mozilla/5.0 (Windows NT 10.0; Win64; x64) AppleWebKit/537.36 (KHTML, like Gecko) Chrome/81.0.4044.138 Safari/537.36"
::1 - - [12/May/2020:09:48:39 +0000] "GET /public/casual1 HTTP/1.1" 404 153 "-" "Mozilla/5.0 (Windows NT 10.0; Win64; x64) AppleWebKit/537.36 (KHTML, like Gecko) Chrome/81.0.4044.138 Safari/537.36"
::1 - - [12/May/2020:09:48:39 +0000] "GET /public/casual1 HTTP/1.1" 404 153 "-" "Mozilla/5.0 (Windows NT 10.0; Win64; x64) AppleWebKit/537.36 (KHTML, like Gecko) Chrome/81.0.4044.138 Safari/537.36"
::1 - - [12/May/2020:09:48:39 +0000] "GET /public/casual1 HTTP/1.1" 404 153 "-" "Mozilla/5.0 (Windows NT 10.0; Win64; x64) AppleWebKit/537.36 (KHTML, like Gecko) Chrome/81.0.4044.138 Safari/537.36"
::1 - - [12/May/2020:09:48:50 +0000] "GET /public/casual1 HTTP/1.1" 500 1094 "-" "Mozilla/5.0 (Windows NT 10.0; Win64; x64) AppleWebKit/537.36 (KHTML, like Gecko) Chrome/81.0.4044.138 Safari/537.36"
::1 - - [12/May/2020:09:49:05 +0000] "GET /public/casual1 HTTP/1.1" 200 2521 "-" "Mozilla/5.0 (Windows NT 10.0; Win64; x64) AppleWebKit/537.36 (KHTML, like Gecko) Chrome/81.0.4044.138 Safari/537.36"
::1 - - [12/May/2020:09:49:05 +0000] "GET /favicon.ico HTTP/1.1" 200 4158 "http://localhost:8080/public/casual1" "Mozilla/5.0 (Windows NT 10.0; Win64; x64) AppleWebKit/537.36 (KHTML, like Gecko) Chrome/81.0.4044.138 Safari/537.36"
::1 - - [12/May/2020:09:50:27 +0000] "GET / HTTP/1.1" 304 - "-" "Mozilla/5.0 (Windows NT 10.0; Win64; x64) AppleWebKit/537.36 (KHTML, like Gecko) Chrome/81.0.4044.138 Safari/537.36"
::1 - - [12/May/2020:09:50:27 +0000] "GET /config.js HTTP/1.1" 404 148 "http://localhost:8080/" "Mozilla/5.0 (Windows NT 10.0; Win64; x64) AppleWebKit/537.36 (KHTML, like Gecko) Chrome/81.0.4044.138 Safari/537.36"
::ffff:192.168.1.7 - - [12/May/2020:09:51:48 +0000] "GET /sockjs-node/info?t=1589276953063 HTTP/1.1" 404 155 "http://192.168.1.10:8080/public/casual1" "Mozilla/5.0 (iPhone; CPU iPhone OS 13_2_3 like Mac OS X) AppleWebKit/605.1.15 (KHTML, like Gecko) Version/13.0.3 Mobile/15E148 Safari/604.1"
::ffff:192.168.1.7 - - [12/May/2020:09:51:50 +0000] "GET /sockjs-node/info?t=1589276955157 HTTP/1.1" 404 155 "http://192.168.1.10:8080/public/casual1" "Mozilla/5.0 (iPhone; CPU iPhone OS 13_2_3 like Mac OS X) AppleWebKit/605.1.15 (KHTML, like Gecko) Version/13.0.3 Mobile/15E148 Safari/604.1"
::ffff:192.168.1.7 - - [12/May/2020:09:51:51 +0000] "GET /public/casual1 HTTP/1.1" 200 2521 "-" "Mozilla/5.0 (iPhone; CPU iPhone OS 13_2_3 like Mac OS X) AppleWebKit/605.1.15 (KHTML, like Gecko) Version/13.0.3 Mobile/15E148 Safari/604.1"
::ffff:192.168.1.7 - - [12/May/2020:09:51:51 +0000] "GET /favicon.ico HTTP/1.1" 200 4158 "http://192.168.1.10:8080/public/casual1" "Mozilla/5.0 (iPhone; CPU iPhone OS 13_2_3 like Mac OS X) AppleWebKit/605.1.15 (KHTML, like Gecko) Version/13.0.3 Mobile/15E148 Safari/604.1"
::ffff:192.168.1.7 - - [12/May/2020:09:52:07 +0000] "GET /public/casual1 HTTP/1.1" 304 - "-" "Mozilla/5.0 (iPhone; CPU iPhone OS 13_2_3 like Mac OS X) AppleWebKit/605.1.15 (KHTML, like Gecko) Version/13.0.3 Mobile/15E148 Safari/604.1"
::ffff:192.168.1.7 - - [12/May/2020:09:54:30 +0000] "GET / HTTP/1.1" 200 2125 "-" "Mozilla/5.0 (iPhone; CPU iPhone OS 13_2_3 like Mac OS X) AppleWebKit/605.1.15 (KHTML, like Gecko) Version/13.0.3 Mobile/15E148 Safari/604.1"
::ffff:192.168.1.7 - - [12/May/2020:09:54:30 +0000] "GET /config.js HTTP/1.1" 404 148 "http://192.168.1.10:8080/" "Mozilla/5.0 (iPhone; CPU iPhone OS 13_2_3 like Mac OS X) AppleWebKit/605.1.15 (KHTML, like Gecko) Version/13.0.3 Mobile/15E148 Safari/604.1"
::ffff:192.168.1.7 - - [12/May/2020:09:54:43 +0000] "GET / HTTP/1.1" 304 - "-" "Mozilla/5.0 (iPhone; CPU iPhone OS 13_2_3 like Mac OS X) AppleWebKit/605.1.15 (KHTML, like Gecko) Version/13.0.3 Mobile/15E148 Safari/604.1"
::ffff:192.168.1.7 - - [12/May/2020:09:54:43 +0000] "GET /config.js HTTP/1.1" 404 148 "http://192.168.1.10:8080/" "Mozilla/5.0 (iPhone; CPU iPhone OS 13_2_3 like Mac OS X) AppleWebKit/605.1.15 (KHTML, like Gecko) Version/13.0.3 Mobile/15E148 Safari/604.1"
::ffff:192.168.1.7 - - [12/May/2020:10:04:35 +0000] "GET / HTTP/1.1" 200 341 "-" "Mozilla/5.0 (iPhone; CPU iPhone OS 13_2_3 like Mac OS X) AppleWebKit/605.1.15 (KHTML, like Gecko) Version/13.0.3 Mobile/15E148 Safari/604.1"
::ffff:192.168.1.7 - - [12/May/2020:10:04:35 +0000] "GET /favicon.ico HTTP/1.1" 200 4158 "http://192.168.1.10:8080/" "Mozilla/5.0 (iPhone; CPU iPhone OS 13_2_3 like Mac OS X) AppleWebKit/605.1.15 (KHTML, like Gecko) Version/13.0.3 Mobile/15E148 Safari/604.1"
::ffff:192.168.1.7 - - [12/May/2020:10:22:51 +0000] "GET / HTTP/1.1" 304 - "-" "Mozilla/5.0 (iPhone; CPU iPhone OS 13_2_3 like Mac OS X) AppleWebKit/605.1.15 (KHTML, like Gecko) Version/13.0.3 Mobile/15E148 Safari/604.1"
::ffff:192.168.1.7 - - [12/May/2020:10:22:51 +0000] "GET /favicon.ico HTTP/1.1" 200 4158 "http://192.168.1.10:8080/" "Mozilla/5.0 (iPhone; CPU iPhone OS 13_2_3 like Mac OS X) AppleWebKit/605.1.15 (KHTML, like Gecko) Version/13.0.3 Mobile/15E148 Safari/604.1"
::1 - - [13/May/2020:01:24:24 +0000] "GET / HTTP/1.1" 200 341 "-" "Mozilla/5.0 (Windows NT 10.0; Win64; x64) AppleWebKit/537.36 (KHTML, like Gecko) Chrome/81.0.4044.138 Safari/537.36"
::1 - - [13/May/2020:01:24:40 +0000] "GET /project/api/common/register HTTP/1.1" 404 166 "-" "Mozilla/5.0 (Windows NT 10.0; Win64; x64) AppleWebKit/537.36 (KHTML, like Gecko) Chrome/81.0.4044.138 Safari/537.36"
::1 - - [13/May/2020:01:37:11 +0000] "OPTIONS /project/api/common/v1/register HTTP/1.1" 404 173 "http://localhost:8081/demo/picture/website/" "Mozilla/5.0 (Windows NT 10.0; Win64; x64) AppleWebKit/537.36 (KHTML, like Gecko) Chrome/81.0.4044.138 Safari/537.36"
::1 - - [13/May/2020:01:39:01 +0000] "OPTIONS /project/api/common/v1/register HTTP/1.1" 404 173 "http://localhost:8081/demo/picture/website/" "Mozilla/5.0 (Windows NT 10.0; Win64; x64) AppleWebKit/537.36 (KHTML, like Gecko) Chrome/81.0.4044.138 Safari/537.36"
::1 - - [13/May/2020:01:39:14 +0000] "GET /project/api/common/v1/register HTTP/1.1" 404 169 "-" "Mozilla/5.0 (Windows NT 10.0; Win64; x64) AppleWebKit/537.36 (KHTML, like Gecko) Chrome/81.0.4044.138 Safari/537.36"
::1 - - [13/May/2020:01:39:22 +0000] "GET /project/api/common/v1/register HTTP/1.1" 404 169 "-" "Mozilla/5.0 (Windows NT 10.0; Win64; x64) AppleWebKit/537.36 (KHTML, like Gecko) Chrome/81.0.4044.138 Safari/537.36"
::1 - - [13/May/2020:01:39:32 +0000] "GET /project/public/casual1 HTTP/1.1" 200 2521 "-" "Mozilla/5.0 (Windows NT 10.0; Win64; x64) AppleWebKit/537.36 (KHTML, like Gecko) Chrome/81.0.4044.138 Safari/537.36"
::1 - - [13/May/2020:01:41:39 +0000] "GET /project/api/common/v1/register HTTP/1.1" 404 169 "-" "Mozilla/5.0 (Windows NT 10.0; Win64; x64) AppleWebKit/537.36 (KHTML, like Gecko) Chrome/81.0.4044.138 Safari/537.36"
::1 - - [13/May/2020:01:41:43 +0000] "GET /project/api/common/v1/register HTTP/1.1" 404 169 "-" "Mozilla/5.0 (Windows NT 10.0; Win64; x64) AppleWebKit/537.36 (KHTML, like Gecko) Chrome/81.0.4044.138 Safari/537.36"
::1 - - [13/May/2020:01:42:28 +0000] "OPTIONS /project/api/common/v1/register HTTP/1.1" 404 173 "http://localhost:8081/demo/picture/website/" "Mozilla/5.0 (Windows NT 10.0; Win64; x64) AppleWebKit/537.36 (KHTML, like Gecko) Chrome/81.0.4044.138 Safari/537.36"
::1 - - [13/May/2020:01:42:59 +0000] "OPTIONS /project/api/common/v1/register HTTP/1.1" 404 173 "http://localhost:8081/demo/picture/website/" "Mozilla/5.0 (Windows NT 10.0; Win64; x64) AppleWebKit/537.36 (KHTML, like Gecko) Chrome/81.0.4044.138 Safari/537.36"
::1 - - [13/May/2020:01:43:49 +0000] "OPTIONS /project/api/common/v1/register HTTP/1.1" 200 2 "http://localhost:8081/demo/picture/website/" "Mozilla/5.0 (Windows NT 10.0; Win64; x64) AppleWebKit/537.36 (KHTML, like Gecko) Chrome/81.0.4044.138 Safari/537.36"
::1 - - [13/May/2020:01:44:06 +0000] "OPTIONS /project/api/common/v1/register HTTP/1.1" 200 2 "http://localhost:8081/demo/picture/website/" "Mozilla/5.0 (Windows NT 10.0; Win64; x64) AppleWebKit/537.36 (KHTML, like Gecko) Chrome/81.0.4044.138 Safari/537.36"
::1 - - [13/May/2020:01:44:33 +0000] "OPTIONS /project/api/common/v1/register HTTP/1.1" 200 2 "http://localhost:8081/demo/picture/website/" "Mozilla/5.0 (Windows NT 10.0; Win64; x64) AppleWebKit/537.36 (KHTML, like Gecko) Chrome/81.0.4044.138 Safari/537.36"
::1 - - [13/May/2020:01:46:59 +0000] "OPTIONS /project/api/common/v1/register HTTP/1.1" 200 2 "http://localhost:8081/demo/picture/website/" "Mozilla/5.0 (Windows NT 10.0; Win64; x64) AppleWebKit/537.36 (KHTML, like Gecko) Chrome/81.0.4044.138 Safari/537.36"
::1 - - [13/May/2020:01:47:04 +0000] "OPTIONS /project/api/common/v1/register HTTP/1.1" 200 2 "http://localhost:8081/demo/picture/website/" "Mozilla/5.0 (Windows NT 10.0; Win64; x64) AppleWebKit/537.36 (KHTML, like Gecko) Chrome/81.0.4044.138 Safari/537.36"
::1 - - [13/May/2020:01:47:12 +0000] "OPTIONS /project/api/common/v1/register HTTP/1.1" 200 2 "http://localhost:8081/demo/picture/website/" "Mozilla/5.0 (Windows NT 10.0; Win64; x64) AppleWebKit/537.36 (KHTML, like Gecko) Chrome/81.0.4044.138 Safari/537.36"
::1 - - [13/May/2020:01:48:16 +0000] "OPTIONS /project/api/common/v1/register HTTP/1.1" 200 2 "http://localhost:8081/demo/picture/website/" "Mozilla/5.0 (Windows NT 10.0; Win64; x64) AppleWebKit/537.36 (KHTML, like Gecko) Chrome/81.0.4044.138 Safari/537.36"
::1 - - [13/May/2020:01:49:27 +0000] "OPTIONS /project/api/common/v1/register HTTP/1.1" 200 2 "http://localhost:8081/demo/picture/website/" "Mozilla/5.0 (Windows NT 10.0; Win64; x64) AppleWebKit/537.36 (KHTML, like Gecko) Chrome/81.0.4044.138 Safari/537.36"
::1 - - [13/May/2020:01:49:27 +0000] "POST /project/api/common/v1/register HTTP/1.1" 404 170 "http://localhost:8081/demo/picture/website/" "Mozilla/5.0 (iPhone; CPU iPhone OS 13_2_3 like Mac OS X) AppleWebKit/605.1.15 (KHTML, like Gecko) Version/13.0.3 Mobile/15E148 Safari/604.1"
::1 - - [13/May/2020:01:51:33 +0000] "OPTIONS /project/api/common/v1/register HTTP/1.1" 200 2 "http://localhost:8081/demo/picture/website/" "Mozilla/5.0 (Windows NT 10.0; Win64; x64) AppleWebKit/537.36 (KHTML, like Gecko) Chrome/81.0.4044.138 Safari/537.36"
::1 - - [13/May/2020:01:51:33 +0000] "POST /project/api/common/v1/register HTTP/1.1" 404 170 "http://localhost:8081/demo/picture/website/" "Mozilla/5.0 (iPhone; CPU iPhone OS 13_2_3 like Mac OS X) AppleWebKit/605.1.15 (KHTML, like Gecko) Version/13.0.3 Mobile/15E148 Safari/604.1"
::1 - - [13/May/2020:01:53:18 +0000] "OPTIONS /project/api/common/v1/register HTTP/1.1" 200 2 "http://localhost:8081/demo/picture/website/" "Mozilla/5.0 (Windows NT 10.0; Win64; x64) AppleWebKit/537.36 (KHTML, like Gecko) Chrome/81.0.4044.138 Safari/537.36"
::1 - - [13/May/2020:01:53:18 +0000] "POST /project/api/common/v1/register HTTP/1.1" 404 170 "http://localhost:8081/demo/picture/website/" "Mozilla/5.0 (iPhone; CPU iPhone OS 13_2_3 like Mac OS X) AppleWebKit/605.1.15 (KHTML, like Gecko) Version/13.0.3 Mobile/15E148 Safari/604.1"
::1 - - [13/May/2020:01:53:58 +0000] "OPTIONS /project/api/common/v1/register HTTP/1.1" 200 2 "http://localhost:8081/demo/picture/website/" "Mozilla/5.0 (Windows NT 10.0; Win64; x64) AppleWebKit/537.36 (KHTML, like Gecko) Chrome/81.0.4044.138 Safari/537.36"
::1 - - [13/May/2020:01:53:58 +0000] "POST /project/api/common/v1/register HTTP/1.1" 404 170 "http://localhost:8081/demo/picture/website/" "Mozilla/5.0 (iPhone; CPU iPhone OS 13_2_3 like Mac OS X) AppleWebKit/605.1.15 (KHTML, like Gecko) Version/13.0.3 Mobile/15E148 Safari/604.1"
::1 - - [13/May/2020:01:56:06 +0000] "OPTIONS /project/api/common/v1/register HTTP/1.1" 200 2 "http://localhost:8081/demo/picture/website/" "Mozilla/5.0 (Windows NT 10.0; Win64; x64) AppleWebKit/537.36 (KHTML, like Gecko) Chrome/81.0.4044.138 Safari/537.36"
::1 - - [13/May/2020:01:56:06 +0000] "POST /project/api/common/v1/register HTTP/1.1" 404 170 "http://localhost:8081/demo/picture/website/" "Mozilla/5.0 (iPhone; CPU iPhone OS 13_2_3 like Mac OS X) AppleWebKit/605.1.15 (KHTML, like Gecko) Version/13.0.3 Mobile/15E148 Safari/604.1"
::1 - - [13/May/2020:01:57:19 +0000] "GET /project/api/common/v1/register HTTP/1.1" 404 169 "-" "Mozilla/5.0 (Windows NT 10.0; Win64; x64) AppleWebKit/537.36 (KHTML, like Gecko) Chrome/81.0.4044.138 Safari/537.36"
::1 - - [13/May/2020:01:57:19 +0000] "GET /project/api/common/v1/register HTTP/1.1" 404 169 "-" "Mozilla/5.0 (Windows NT 10.0; Win64; x64) AppleWebKit/537.36 (KHTML, like Gecko) Chrome/81.0.4044.138 Safari/537.36"
::1 - - [13/May/2020:01:57:19 +0000] "GET /project/api/common/v1/register HTTP/1.1" 404 169 "-" "Mozilla/5.0 (Windows NT 10.0; Win64; x64) AppleWebKit/537.36 (KHTML, like Gecko) Chrome/81.0.4044.138 Safari/537.36"
::1 - - [13/May/2020:01:57:20 +0000] "GET /project/api/common/v1/register HTTP/1.1" 404 169 "-" "Mozilla/5.0 (Windows NT 10.0; Win64; x64) AppleWebKit/537.36 (KHTML, like Gecko) Chrome/81.0.4044.138 Safari/537.36"
::1 - - [13/May/2020:01:57:20 +0000] "GET /project/api/common/v1/register HTTP/1.1" 404 169 "-" "Mozilla/5.0 (Windows NT 10.0; Win64; x64) AppleWebKit/537.36 (KHTML, like Gecko) Chrome/81.0.4044.138 Safari/537.36"
::1 - - [13/May/2020:01:57:20 +0000] "GET /project/api/common/v1/register HTTP/1.1" 404 169 "-" "Mozilla/5.0 (Windows NT 10.0; Win64; x64) AppleWebKit/537.36 (KHTML, like Gecko) Chrome/81.0.4044.138 Safari/537.36"
::1 - - [13/May/2020:02:02:59 +0000] "OPTIONS /project/api/common/v1/register HTTP/1.1" 200 2 "http://localhost:8081/demo/picture/website/" "Mozilla/5.0 (Windows NT 10.0; Win64; x64) AppleWebKit/537.36 (KHTML, like Gecko) Chrome/81.0.4044.138 Safari/537.36"
::1 - - [13/May/2020:02:02:59 +0000] "POST /project/api/common/v1/register HTTP/1.1" 404 170 "http://localhost:8081/demo/picture/website/" "Mozilla/5.0 (iPhone; CPU iPhone OS 13_2_3 like Mac OS X) AppleWebKit/605.1.15 (KHTML, like Gecko) Version/13.0.3 Mobile/15E148 Safari/604.1"
::1 - - [13/May/2020:02:03:37 +0000] "OPTIONS /project/api/common/v1/register HTTP/1.1" 200 2 "http://localhost:8081/demo/picture/website/" "Mozilla/5.0 (Windows NT 10.0; Win64; x64) AppleWebKit/537.36 (KHTML, like Gecko) Chrome/81.0.4044.138 Safari/537.36"
::1 - - [13/May/2020:02:03:37 +0000] "POST /project/api/common/v1/register HTTP/1.1" 404 170 "http://localhost:8081/demo/picture/website/" "Mozilla/5.0 (iPhone; CPU iPhone OS 13_2_3 like Mac OS X) AppleWebKit/605.1.15 (KHTML, like Gecko) Version/13.0.3 Mobile/15E148 Safari/604.1"
::1 - - [13/May/2020:02:07:01 +0000] "OPTIONS /project/api/common/v1/register HTTP/1.1" 200 2 "http://localhost:8081/demo/picture/website/" "Mozilla/5.0 (Windows NT 10.0; Win64; x64) AppleWebKit/537.36 (KHTML, like Gecko) Chrome/81.0.4044.138 Safari/537.36"
::1 - - [13/May/2020:02:07:01 +0000] "POST /project/api/common/v1/register HTTP/1.1" 404 170 "http://localhost:8081/demo/picture/website/" "Mozilla/5.0 (iPhone; CPU iPhone OS 13_2_3 like Mac OS X) AppleWebKit/605.1.15 (KHTML, like Gecko) Version/13.0.3 Mobile/15E148 Safari/604.1"
::1 - - [13/May/2020:02:07:06 +0000] "OPTIONS /project/api/common/v1/register HTTP/1.1" 200 2 "http://localhost:8081/demo/picture/website/" "Mozilla/5.0 (Windows NT 10.0; Win64; x64) AppleWebKit/537.36 (KHTML, like Gecko) Chrome/81.0.4044.138 Safari/537.36"
::1 - - [13/May/2020:02:07:06 +0000] "POST /project/api/common/v1/register HTTP/1.1" 404 170 "http://localhost:8081/demo/picture/website/" "Mozilla/5.0 (iPhone; CPU iPhone OS 13_2_3 like Mac OS X) AppleWebKit/605.1.15 (KHTML, like Gecko) Version/13.0.3 Mobile/15E148 Safari/604.1"
::1 - - [13/May/2020:02:07:30 +0000] "GET /project/public/casual HTTP/1.1" 500 1065 "-" "Mozilla/5.0 (Windows NT 10.0; Win64; x64) AppleWebKit/537.36 (KHTML, like Gecko) Chrome/81.0.4044.138 Safari/537.36"
::1 - - [13/May/2020:02:07:42 +0000] "GET /project/public/casual HTTP/1.1" 200 19 "-" "Mozilla/5.0 (Windows NT 10.0; Win64; x64) AppleWebKit/537.36 (KHTML, like Gecko) Chrome/81.0.4044.138 Safari/537.36"
::1 - - [13/May/2020:02:07:42 +0000] "GET /favicon.ico HTTP/1.1" 200 4158 "http://localhost:8080/project/public/casual" "Mozilla/5.0 (Windows NT 10.0; Win64; x64) AppleWebKit/537.36 (KHTML, like Gecko) Chrome/81.0.4044.138 Safari/537.36"
::1 - - [13/May/2020:02:08:40 +0000] "OPTIONS /project/api/common/v1/register HTTP/1.1" 200 2 "http://localhost:8081/demo/picture/website/" "Mozilla/5.0 (Windows NT 10.0; Win64; x64) AppleWebKit/537.36 (KHTML, like Gecko) Chrome/81.0.4044.138 Safari/537.36"
::1 - - [13/May/2020:02:08:40 +0000] "POST /project/api/common/v1/register HTTP/1.1" 404 170 "http://localhost:8081/demo/picture/website/" "Mozilla/5.0 (iPhone; CPU iPhone OS 13_2_3 like Mac OS X) AppleWebKit/605.1.15 (KHTML, like Gecko) Version/13.0.3 Mobile/15E148 Safari/604.1"
::1 - - [13/May/2020:02:09:13 +0000] "OPTIONS /project/api/common/v1/register HTTP/1.1" 200 2 "http://localhost:8081/demo/picture/website/" "Mozilla/5.0 (Windows NT 10.0; Win64; x64) AppleWebKit/537.36 (KHTML, like Gecko) Chrome/81.0.4044.138 Safari/537.36"
::1 - - [13/May/2020:02:09:13 +0000] "POST /project/api/common/v1/register HTTP/1.1" 404 170 "http://localhost:8081/demo/picture/website/" "Mozilla/5.0 (iPhone; CPU iPhone OS 13_2_3 like Mac OS X) AppleWebKit/605.1.15 (KHTML, like Gecko) Version/13.0.3 Mobile/15E148 Safari/604.1"
::1 - - [13/May/2020:02:09:16 +0000] "POST /project/api/common/v1/register HTTP/1.1" 404 170 "http://localhost:8081/demo/picture/website/" "Mozilla/5.0 (iPhone; CPU iPhone OS 13_2_3 like Mac OS X) AppleWebKit/605.1.15 (KHTML, like Gecko) Version/13.0.3 Mobile/15E148 Safari/604.1"
::1 - - [13/May/2020:02:09:35 +0000] "OPTIONS /project/api/common/v1/register HTTP/1.1" 200 2 "http://localhost:8081/demo/picture/website/" "Mozilla/5.0 (Windows NT 10.0; Win64; x64) AppleWebKit/537.36 (KHTML, like Gecko) Chrome/81.0.4044.138 Safari/537.36"
::1 - - [13/May/2020:02:09:35 +0000] "POST /project/api/common/v1/register HTTP/1.1" 200 20 "http://localhost:8081/demo/picture/website/" "Mozilla/5.0 (iPhone; CPU iPhone OS 13_2_3 like Mac OS X) AppleWebKit/605.1.15 (KHTML, like Gecko) Version/13.0.3 Mobile/15E148 Safari/604.1"
::1 - - [13/May/2020:02:10:08 +0000] "OPTIONS /project/api/common/v1/register HTTP/1.1" 200 2 "http://localhost:8081/demo/picture/website/" "Mozilla/5.0 (Windows NT 10.0; Win64; x64) AppleWebKit/537.36 (KHTML, like Gecko) Chrome/81.0.4044.138 Safari/537.36"
::1 - - [13/May/2020:02:11:08 +0000] "POST /project/api/common/v1/register HTTP/1.1" - - "http://localhost:8081/demo/picture/website/" "Mozilla/5.0 (iPhone; CPU iPhone OS 13_2_3 like Mac OS X) AppleWebKit/605.1.15 (KHTML, like Gecko) Version/13.0.3 Mobile/15E148 Safari/604.1"
::1 - - [13/May/2020:02:15:01 +0000] "OPTIONS /project/api/common/v1/register HTTP/1.1" 200 2 "http://localhost:8081/demo/picture/website/" "Mozilla/5.0 (Windows NT 10.0; Win64; x64) AppleWebKit/537.36 (KHTML, like Gecko) Chrome/81.0.4044.138 Safari/537.36"
::ffff:127.0.0.1 - - [13/May/2020:02:16:01 +0000] "POST /project/api/common/v1/register HTTP/1.1" - - "http://localhost:8081/demo/picture/website/" "Mozilla/5.0 (iPhone; CPU iPhone OS 13_2_3 like Mac OS X) AppleWebKit/605.1.15 (KHTML, like Gecko) Version/13.0.3 Mobile/15E148 Safari/604.1"
::1 - - [13/May/2020:02:17:29 +0000] "OPTIONS /project/api/common/v1/register HTTP/1.1" 200 2 "http://localhost:8081/demo/picture/website/" "Mozilla/5.0 (Windows NT 10.0; Win64; x64) AppleWebKit/537.36 (KHTML, like Gecko) Chrome/81.0.4044.138 Safari/537.36"
::1 - - [13/May/2020:02:18:29 +0000] "POST /project/api/common/v1/register HTTP/1.1" - - "http://localhost:8081/demo/picture/website/" "Mozilla/5.0 (iPhone; CPU iPhone OS 13_2_3 like Mac OS X) AppleWebKit/605.1.15 (KHTML, like Gecko) Version/13.0.3 Mobile/15E148 Safari/604.1"
::1 - - [13/May/2020:02:28:13 +0000] "OPTIONS /project/api/common/v1/register HTTP/1.1" 200 2 "http://localhost:8081/demo/picture/website/" "Mozilla/5.0 (Windows NT 10.0; Win64; x64) AppleWebKit/537.36 (KHTML, like Gecko) Chrome/81.0.4044.138 Safari/537.36"
::1 - - [13/May/2020:02:28:13 +0000] "POST /project/api/common/v1/register HTTP/1.1" 200 20 "http://localhost:8081/demo/picture/website/" "Mozilla/5.0 (iPhone; CPU iPhone OS 13_2_3 like Mac OS X) AppleWebKit/605.1.15 (KHTML, like Gecko) Version/13.0.3 Mobile/15E148 Safari/604.1"
::1 - - [13/May/2020:03:23:41 +0000] "OPTIONS /project/api/common/v1/send_sms HTTP/1.1" 200 2 "http://localhost:8081/demo/picture/website/" "Mozilla/5.0 (Windows NT 10.0; Win64; x64) AppleWebKit/537.36 (KHTML, like Gecko) Chrome/81.0.4044.138 Safari/537.36"
::1 - - [13/May/2020:03:23:41 +0000] "POST /project/api/common/v1/send_sms HTTP/1.1" 404 170 "http://localhost:8081/demo/picture/website/" "Mozilla/5.0 (iPhone; CPU iPhone OS 13_2_3 like Mac OS X) AppleWebKit/605.1.15 (KHTML, like Gecko) Version/13.0.3 Mobile/15E148 Safari/604.1"
::1 - - [13/May/2020:03:24:27 +0000] "OPTIONS /project/api/common/v1/send_sms HTTP/1.1" 200 2 "http://localhost:8081/demo/picture/website/" "Mozilla/5.0 (Windows NT 10.0; Win64; x64) AppleWebKit/537.36 (KHTML, like Gecko) Chrome/81.0.4044.138 Safari/537.36"
::1 - - [13/May/2020:03:24:27 +0000] "POST /project/api/common/v1/send_sms HTTP/1.1" 200 31 "http://localhost:8081/demo/picture/website/" "Mozilla/5.0 (iPhone; CPU iPhone OS 13_2_3 like Mac OS X) AppleWebKit/605.1.15 (KHTML, like Gecko) Version/13.0.3 Mobile/15E148 Safari/604.1"
::1 - - [13/May/2020:03:24:47 +0000] "OPTIONS /project/api/common/v1/send_sms HTTP/1.1" 200 2 "http://localhost:8081/demo/picture/website/" "Mozilla/5.0 (Windows NT 10.0; Win64; x64) AppleWebKit/537.36 (KHTML, like Gecko) Chrome/81.0.4044.138 Safari/537.36"
::1 - - [13/May/2020:03:24:47 +0000] "POST /project/api/common/v1/send_sms HTTP/1.1" 200 31 "http://localhost:8081/demo/picture/website/" "Mozilla/5.0 (iPhone; CPU iPhone OS 13_2_3 like Mac OS X) AppleWebKit/605.1.15 (KHTML, like Gecko) Version/13.0.3 Mobile/15E148 Safari/604.1"
::1 - - [13/May/2020:03:25:49 +0000] "OPTIONS /project/api/common/v1/send_sms HTTP/1.1" 200 2 "http://localhost:8081/demo/picture/website/" "Mozilla/5.0 (Windows NT 10.0; Win64; x64) AppleWebKit/537.36 (KHTML, like Gecko) Chrome/81.0.4044.138 Safari/537.36"
::1 - - [13/May/2020:03:25:49 +0000] "POST /project/api/common/v1/send_sms HTTP/1.1" 200 31 "http://localhost:8081/demo/picture/website/" "Mozilla/5.0 (iPhone; CPU iPhone OS 13_2_3 like Mac OS X) AppleWebKit/605.1.15 (KHTML, like Gecko) Version/13.0.3 Mobile/15E148 Safari/604.1"
::1 - - [13/May/2020:03:27:12 +0000] "OPTIONS /project/api/common/v1/send_sms HTTP/1.1" 200 2 "http://localhost:8081/demo/picture/website/" "Mozilla/5.0 (Windows NT 10.0; Win64; x64) AppleWebKit/537.36 (KHTML, like Gecko) Chrome/81.0.4044.138 Safari/537.36"
::1 - - [13/May/2020:03:27:12 +0000] "POST /project/api/common/v1/send_sms HTTP/1.1" 200 31 "http://localhost:8081/demo/picture/website/" "Mozilla/5.0 (iPhone; CPU iPhone OS 13_2_3 like Mac OS X) AppleWebKit/605.1.15 (KHTML, like Gecko) Version/13.0.3 Mobile/15E148 Safari/604.1"
::1 - - [13/May/2020:03:29:35 +0000] "OPTIONS /project/api/common/v1/send_sms HTTP/1.1" 200 2 "http://localhost:8081/demo/picture/website/" "Mozilla/5.0 (Windows NT 10.0; Win64; x64) AppleWebKit/537.36 (KHTML, like Gecko) Chrome/81.0.4044.138 Safari/537.36"
::1 - - [13/May/2020:03:29:35 +0000] "POST /project/api/common/v1/send_sms HTTP/1.1" 200 31 "http://localhost:8081/demo/picture/website/" "Mozilla/5.0 (iPhone; CPU iPhone OS 13_2_3 like Mac OS X) AppleWebKit/605.1.15 (KHTML, like Gecko) Version/13.0.3 Mobile/15E148 Safari/604.1"
::1 - - [13/May/2020:03:30:11 +0000] "OPTIONS /project/api/common/v1/send_sms HTTP/1.1" 200 2 "http://localhost:8081/demo/picture/website/" "Mozilla/5.0 (Windows NT 10.0; Win64; x64) AppleWebKit/537.36 (KHTML, like Gecko) Chrome/81.0.4044.138 Safari/537.36"
::1 - - [13/May/2020:03:30:11 +0000] "POST /project/api/common/v1/send_sms HTTP/1.1" 200 31 "http://localhost:8081/demo/picture/website/" "Mozilla/5.0 (iPhone; CPU iPhone OS 13_2_3 like Mac OS X) AppleWebKit/605.1.15 (KHTML, like Gecko) Version/13.0.3 Mobile/15E148 Safari/604.1"
::1 - - [13/May/2020:03:30:21 +0000] "OPTIONS /project/api/common/v1/send_sms HTTP/1.1" 200 2 "http://localhost:8081/demo/picture/website/" "Mozilla/5.0 (Windows NT 10.0; Win64; x64) AppleWebKit/537.36 (KHTML, like Gecko) Chrome/81.0.4044.138 Safari/537.36"
::1 - - [13/May/2020:03:30:21 +0000] "POST /project/api/common/v1/send_sms HTTP/1.1" 200 31 "http://localhost:8081/demo/picture/website/" "Mozilla/5.0 (iPhone; CPU iPhone OS 13_2_3 like Mac OS X) AppleWebKit/605.1.15 (KHTML, like Gecko) Version/13.0.3 Mobile/15E148 Safari/604.1"
::1 - - [13/May/2020:03:40:46 +0000] "OPTIONS /project/api/common/v1/send_sms HTTP/1.1" 200 2 "http://localhost:8081/demo/picture/website/" "Mozilla/5.0 (Windows NT 10.0; Win64; x64) AppleWebKit/537.36 (KHTML, like Gecko) Chrome/81.0.4044.138 Safari/537.36"
::1 - - [13/May/2020:03:40:46 +0000] "POST /project/api/common/v1/send_sms HTTP/1.1" 200 31 "http://localhost:8081/demo/picture/website/" "Mozilla/5.0 (iPhone; CPU iPhone OS 13_2_3 like Mac OS X) AppleWebKit/605.1.15 (KHTML, like Gecko) Version/13.0.3 Mobile/15E148 Safari/604.1"
::1 - - [13/May/2020:03:41:08 +0000] "OPTIONS /project/api/common/v1/send_sms HTTP/1.1" 200 2 "http://localhost:8081/demo/picture/website/" "Mozilla/5.0 (Windows NT 10.0; Win64; x64) AppleWebKit/537.36 (KHTML, like Gecko) Chrome/81.0.4044.138 Safari/537.36"
::1 - - [13/May/2020:03:41:08 +0000] "POST /project/api/common/v1/send_sms HTTP/1.1" 200 31 "http://localhost:8081/demo/picture/website/" "Mozilla/5.0 (iPhone; CPU iPhone OS 13_2_3 like Mac OS X) AppleWebKit/605.1.15 (KHTML, like Gecko) Version/13.0.3 Mobile/15E148 Safari/604.1"
::1 - - [13/May/2020:03:41:48 +0000] "OPTIONS /project/api/common/v1/send_sms HTTP/1.1" 200 2 "http://localhost:8081/demo/picture/website/" "Mozilla/5.0 (Windows NT 10.0; Win64; x64) AppleWebKit/537.36 (KHTML, like Gecko) Chrome/81.0.4044.138 Safari/537.36"
::1 - - [13/May/2020:03:41:48 +0000] "POST /project/api/common/v1/send_sms HTTP/1.1" 200 31 "http://localhost:8081/demo/picture/website/" "Mozilla/5.0 (iPhone; CPU iPhone OS 13_2_3 like Mac OS X) AppleWebKit/605.1.15 (KHTML, like Gecko) Version/13.0.3 Mobile/15E148 Safari/604.1"
::1 - - [13/May/2020:03:43:14 +0000] "OPTIONS /project/api/common/v1/send_sms HTTP/1.1" 200 2 "http://localhost:8081/demo/picture/website/" "Mozilla/5.0 (Windows NT 10.0; Win64; x64) AppleWebKit/537.36 (KHTML, like Gecko) Chrome/81.0.4044.138 Safari/537.36"
::1 - - [13/May/2020:03:43:14 +0000] "POST /project/api/common/v1/send_sms HTTP/1.1" 200 31 "http://localhost:8081/demo/picture/website/" "Mozilla/5.0 (iPhone; CPU iPhone OS 13_2_3 like Mac OS X) AppleWebKit/605.1.15 (KHTML, like Gecko) Version/13.0.3 Mobile/15E148 Safari/604.1"
::1 - - [13/May/2020:03:48:26 +0000] "OPTIONS /project/api/common/v1/send_sms HTTP/1.1" 200 2 "http://localhost:8081/demo/picture/website/" "Mozilla/5.0 (Windows NT 10.0; Win64; x64) AppleWebKit/537.36 (KHTML, like Gecko) Chrome/81.0.4044.138 Safari/537.36"
::1 - - [13/May/2020:03:48:26 +0000] "POST /project/api/common/v1/send_sms HTTP/1.1" 200 31 "http://localhost:8081/demo/picture/website/" "Mozilla/5.0 (iPhone; CPU iPhone OS 13_2_3 like Mac OS X) AppleWebKit/605.1.15 (KHTML, like Gecko) Version/13.0.3 Mobile/15E148 Safari/604.1"
::1 - - [13/May/2020:03:54:48 +0000] "OPTIONS /project/api/common/v1/send_sms HTTP/1.1" 200 2 "http://localhost:8081/demo/picture/website/" "Mozilla/5.0 (Windows NT 10.0; Win64; x64) AppleWebKit/537.36 (KHTML, like Gecko) Chrome/81.0.4044.138 Safari/537.36"
::1 - - [13/May/2020:03:54:48 +0000] "POST /project/api/common/v1/send_sms HTTP/1.1" 200 31 "http://localhost:8081/demo/picture/website/" "Mozilla/5.0 (iPhone; CPU iPhone OS 13_2_3 like Mac OS X) AppleWebKit/605.1.15 (KHTML, like Gecko) Version/13.0.3 Mobile/15E148 Safari/604.1"
::1 - - [13/May/2020:03:56:14 +0000] "OPTIONS /project/api/common/v1/send_sms HTTP/1.1" 200 2 "http://localhost:8081/demo/picture/website/" "Mozilla/5.0 (Windows NT 10.0; Win64; x64) AppleWebKit/537.36 (KHTML, like Gecko) Chrome/81.0.4044.138 Safari/537.36"
::1 - - [13/May/2020:03:56:14 +0000] "POST /project/api/common/v1/send_sms HTTP/1.1" 200 31 "http://localhost:8081/demo/picture/website/" "Mozilla/5.0 (iPhone; CPU iPhone OS 13_2_3 like Mac OS X) AppleWebKit/605.1.15 (KHTML, like Gecko) Version/13.0.3 Mobile/15E148 Safari/604.1"
::1 - - [13/May/2020:04:06:44 +0000] "OPTIONS /project/api/common/v1/send_sms HTTP/1.1" 200 2 "http://localhost:8081/demo/picture/website/" "Mozilla/5.0 (Windows NT 10.0; Win64; x64) AppleWebKit/537.36 (KHTML, like Gecko) Chrome/81.0.4044.138 Safari/537.36"
::1 - - [13/May/2020:04:07:44 +0000] "POST /project/api/common/v1/send_sms HTTP/1.1" - - "http://localhost:8081/demo/picture/website/" "Mozilla/5.0 (iPhone; CPU iPhone OS 13_2_3 like Mac OS X) AppleWebKit/605.1.15 (KHTML, like Gecko) Version/13.0.3 Mobile/15E148 Safari/604.1"
::1 - - [13/May/2020:04:09:39 +0000] "OPTIONS /project/api/common/v1/send_sms HTTP/1.1" 200 2 "http://localhost:8081/demo/picture/website/" "Mozilla/5.0 (Windows NT 10.0; Win64; x64) AppleWebKit/537.36 (KHTML, like Gecko) Chrome/81.0.4044.138 Safari/537.36"
::1 - - [13/May/2020:04:10:39 +0000] "POST /project/api/common/v1/send_sms HTTP/1.1" - - "http://localhost:8081/demo/picture/website/" "Mozilla/5.0 (iPhone; CPU iPhone OS 13_2_3 like Mac OS X) AppleWebKit/605.1.15 (KHTML, like Gecko) Version/13.0.3 Mobile/15E148 Safari/604.1"
::1 - - [13/May/2020:04:12:02 +0000] "OPTIONS /project/api/common/v1/send_sms HTTP/1.1" 200 2 "http://localhost:8081/demo/picture/website/" "Mozilla/5.0 (Windows NT 10.0; Win64; x64) AppleWebKit/537.36 (KHTML, like Gecko) Chrome/81.0.4044.138 Safari/537.36"
::1 - - [13/May/2020:04:12:03 +0000] "POST /project/api/common/v1/send_sms HTTP/1.1" 200 31 "http://localhost:8081/demo/picture/website/" "Mozilla/5.0 (iPhone; CPU iPhone OS 13_2_3 like Mac OS X) AppleWebKit/605.1.15 (KHTML, like Gecko) Version/13.0.3 Mobile/15E148 Safari/604.1"
::1 - - [13/May/2020:05:54:22 +0000] "OPTIONS /project/api/common/v1/send_sms HTTP/1.1" 200 2 "http://localhost:8081/demo/picture/website/" "Mozilla/5.0 (Windows NT 10.0; Win64; x64) AppleWebKit/537.36 (KHTML, like Gecko) Chrome/81.0.4044.138 Safari/537.36"
::1 - - [13/May/2020:05:54:34 +0000] "POST /project/api/common/v1/send_sms HTTP/1.1" 200 31 "http://localhost:8081/demo/picture/website/" "Mozilla/5.0 (iPhone; CPU iPhone OS 13_2_3 like Mac OS X) AppleWebKit/605.1.15 (KHTML, like Gecko) Version/13.0.3 Mobile/15E148 Safari/604.1"
::1 - - [13/May/2020:05:54:54 +0000] "OPTIONS /project/api/common/v1/register HTTP/1.1" 200 2 "http://localhost:8081/demo/picture/website/" "Mozilla/5.0 (Windows NT 10.0; Win64; x64) AppleWebKit/537.36 (KHTML, like Gecko) Chrome/81.0.4044.138 Safari/537.36"
::1 - - [13/May/2020:05:54:54 +0000] "POST /project/api/common/v1/register HTTP/1.1" 200 143 "http://localhost:8081/demo/picture/website/" "Mozilla/5.0 (iPhone; CPU iPhone OS 13_2_3 like Mac OS X) AppleWebKit/605.1.15 (KHTML, like Gecko) Version/13.0.3 Mobile/15E148 Safari/604.1"
::1 - - [13/May/2020:05:55:20 +0000] "OPTIONS /project/api/common/v1/register HTTP/1.1" 200 2 "http://localhost:8081/demo/picture/website/" "Mozilla/5.0 (Windows NT 10.0; Win64; x64) AppleWebKit/537.36 (KHTML, like Gecko) Chrome/81.0.4044.138 Safari/537.36"
::1 - - [13/May/2020:05:55:20 +0000] "POST /project/api/common/v1/register HTTP/1.1" 200 143 "http://localhost:8081/demo/picture/website/" "Mozilla/5.0 (iPhone; CPU iPhone OS 13_2_3 like Mac OS X) AppleWebKit/605.1.15 (KHTML, like Gecko) Version/13.0.3 Mobile/15E148 Safari/604.1"
::1 - - [13/May/2020:06:04:53 +0000] "OPTIONS /project/api/common/v1/register HTTP/1.1" 200 2 "http://localhost:8081/demo/picture/website/" "Mozilla/5.0 (Windows NT 10.0; Win64; x64) AppleWebKit/537.36 (KHTML, like Gecko) Chrome/81.0.4044.138 Safari/537.36"
::1 - - [13/May/2020:06:04:53 +0000] "POST /project/api/common/v1/register HTTP/1.1" 200 46 "http://localhost:8081/demo/picture/website/" "Mozilla/5.0 (iPhone; CPU iPhone OS 13_2_3 like Mac OS X) AppleWebKit/605.1.15 (KHTML, like Gecko) Version/13.0.3 Mobile/15E148 Safari/604.1"
::1 - - [13/May/2020:06:05:21 +0000] "OPTIONS /project/api/common/v1/send_sms HTTP/1.1" 200 2 "http://localhost:8081/demo/picture/website/" "Mozilla/5.0 (Windows NT 10.0; Win64; x64) AppleWebKit/537.36 (KHTML, like Gecko) Chrome/81.0.4044.138 Safari/537.36"
::1 - - [13/May/2020:06:05:22 +0000] "POST /project/api/common/v1/send_sms HTTP/1.1" 200 31 "http://localhost:8081/demo/picture/website/" "Mozilla/5.0 (iPhone; CPU iPhone OS 13_2_3 like Mac OS X) AppleWebKit/605.1.15 (KHTML, like Gecko) Version/13.0.3 Mobile/15E148 Safari/604.1"
::1 - - [13/May/2020:06:05:32 +0000] "OPTIONS /project/api/common/v1/register HTTP/1.1" 200 2 "http://localhost:8081/demo/picture/website/" "Mozilla/5.0 (Windows NT 10.0; Win64; x64) AppleWebKit/537.36 (KHTML, like Gecko) Chrome/81.0.4044.138 Safari/537.36"
::1 - - [13/May/2020:06:05:32 +0000] "POST /project/api/common/v1/register HTTP/1.1" 200 31 "http://localhost:8081/demo/picture/website/" "Mozilla/5.0 (iPhone; CPU iPhone OS 13_2_3 like Mac OS X) AppleWebKit/605.1.15 (KHTML, like Gecko) Version/13.0.3 Mobile/15E148 Safari/604.1"
::1 - - [13/May/2020:09:42:21 +0000] "OPTIONS /project/api/open/v1/login HTTP/1.1" 200 2 "http://localhost:8081/demo/picture/website/" "Mozilla/5.0 (Windows NT 10.0; Win64; x64) AppleWebKit/537.36 (KHTML, like Gecko) Chrome/81.0.4044.138 Safari/537.36"
::1 - - [13/May/2020:09:42:21 +0000] "POST /project/api/open/v1/login HTTP/1.1" 404 165 "http://localhost:8081/demo/picture/website/" "Mozilla/5.0 (iPhone; CPU iPhone OS 13_2_3 like Mac OS X) AppleWebKit/605.1.15 (KHTML, like Gecko) Version/13.0.3 Mobile/15E148 Safari/604.1"
::1 - - [13/May/2020:09:43:21 +0000] "OPTIONS /project/api/common/v1/login HTTP/1.1" 200 2 "http://localhost:8081/demo/picture/website/" "Mozilla/5.0 (Windows NT 10.0; Win64; x64) AppleWebKit/537.36 (KHTML, like Gecko) Chrome/81.0.4044.138 Safari/537.36"
::1 - - [13/May/2020:09:43:21 +0000] "POST /project/api/common/v1/login HTTP/1.1" 200 61 "http://localhost:8081/demo/picture/website/" "Mozilla/5.0 (iPhone; CPU iPhone OS 13_2_3 like Mac OS X) AppleWebKit/605.1.15 (KHTML, like Gecko) Version/13.0.3 Mobile/15E148 Safari/604.1"
::1 - - [13/May/2020:09:43:42 +0000] "OPTIONS /project/api/common/v1/login HTTP/1.1" 200 2 "http://localhost:8081/demo/picture/website/" "Mozilla/5.0 (Windows NT 10.0; Win64; x64) AppleWebKit/537.36 (KHTML, like Gecko) Chrome/81.0.4044.138 Safari/537.36"
::1 - - [13/May/2020:09:43:43 +0000] "POST /project/api/common/v1/login HTTP/1.1" 200 31 "http://localhost:8081/demo/picture/website/" "Mozilla/5.0 (iPhone; CPU iPhone OS 13_2_3 like Mac OS X) AppleWebKit/605.1.15 (KHTML, like Gecko) Version/13.0.3 Mobile/15E148 Safari/604.1"
::1 - - [13/May/2020:09:54:21 +0000] "OPTIONS /project/api/common/v1/login HTTP/1.1" 200 2 "http://localhost:8081/demo/picture/website/" "Mozilla/5.0 (Windows NT 10.0; Win64; x64) AppleWebKit/537.36 (KHTML, like Gecko) Chrome/81.0.4044.138 Safari/537.36"
::1 - - [13/May/2020:09:54:21 +0000] "POST /project/api/common/v1/login HTTP/1.1" 200 31 "http://localhost:8081/demo/picture/website/" "Mozilla/5.0 (iPhone; CPU iPhone OS 13_2_3 like Mac OS X) AppleWebKit/605.1.15 (KHTML, like Gecko) Version/13.0.3 Mobile/15E148 Safari/604.1"
::1 - - [13/May/2020:09:55:27 +0000] "OPTIONS /project/api/common/v1/login HTTP/1.1" 200 2 "http://localhost:8081/demo/picture/website/" "Mozilla/5.0 (Windows NT 10.0; Win64; x64) AppleWebKit/537.36 (KHTML, like Gecko) Chrome/81.0.4044.138 Safari/537.36"
::1 - - [13/May/2020:09:55:28 +0000] "POST /project/api/common/v1/login HTTP/1.1" 200 31 "http://localhost:8081/demo/picture/website/" "Mozilla/5.0 (iPhone; CPU iPhone OS 13_2_3 like Mac OS X) AppleWebKit/605.1.15 (KHTML, like Gecko) Version/13.0.3 Mobile/15E148 Safari/604.1"
::1 - - [13/May/2020:09:57:55 +0000] "OPTIONS /project/api/common/v1/login HTTP/1.1" 200 2 "http://localhost:8081/demo/picture/website/" "Mozilla/5.0 (Windows NT 10.0; Win64; x64) AppleWebKit/537.36 (KHTML, like Gecko) Chrome/81.0.4044.138 Safari/537.36"
::1 - - [13/May/2020:09:57:55 +0000] "POST /project/api/common/v1/login HTTP/1.1" 200 31 "http://localhost:8081/demo/picture/website/" "Mozilla/5.0 (iPhone; CPU iPhone OS 13_2_3 like Mac OS X) AppleWebKit/605.1.15 (KHTML, like Gecko) Version/13.0.3 Mobile/15E148 Safari/604.1"
::1 - - [13/May/2020:09:58:15 +0000] "OPTIONS /project/api/common/v1/login HTTP/1.1" 200 2 "http://localhost:8081/demo/picture/website/" "Mozilla/5.0 (Windows NT 10.0; Win64; x64) AppleWebKit/537.36 (KHTML, like Gecko) Chrome/81.0.4044.138 Safari/537.36"
::1 - - [13/May/2020:09:58:15 +0000] "POST /project/api/common/v1/login HTTP/1.1" 200 31 "http://localhost:8081/demo/picture/website/" "Mozilla/5.0 (iPhone; CPU iPhone OS 13_2_3 like Mac OS X) AppleWebKit/605.1.15 (KHTML, like Gecko) Version/13.0.3 Mobile/15E148 Safari/604.1"
::1 - - [13/May/2020:09:59:05 +0000] "OPTIONS /project/api/common/v1/login HTTP/1.1" 200 2 "http://localhost:8081/demo/picture/website/" "Mozilla/5.0 (Windows NT 10.0; Win64; x64) AppleWebKit/537.36 (KHTML, like Gecko) Chrome/81.0.4044.138 Safari/537.36"
::1 - - [13/May/2020:09:59:05 +0000] "POST /project/api/common/v1/login HTTP/1.1" 200 104 "http://localhost:8081/demo/picture/website/" "Mozilla/5.0 (iPhone; CPU iPhone OS 13_2_3 like Mac OS X) AppleWebKit/605.1.15 (KHTML, like Gecko) Version/13.0.3 Mobile/15E148 Safari/604.1"
::1 - - [13/May/2020:10:01:48 +0000] "OPTIONS /project/api/common/v1/login HTTP/1.1" 200 2 "http://localhost:8081/demo/picture/website/" "Mozilla/5.0 (Windows NT 10.0; Win64; x64) AppleWebKit/537.36 (KHTML, like Gecko) Chrome/81.0.4044.138 Safari/537.36"
::1 - - [13/May/2020:10:02:49 +0000] "POST /project/api/common/v1/login HTTP/1.1" - - "http://localhost:8081/demo/picture/website/" "Mozilla/5.0 (iPhone; CPU iPhone OS 13_2_3 like Mac OS X) AppleWebKit/605.1.15 (KHTML, like Gecko) Version/13.0.3 Mobile/15E148 Safari/604.1"
::1 - - [13/May/2020:10:03:06 +0000] "OPTIONS /project/api/common/v1/login HTTP/1.1" 200 2 "http://localhost:8081/demo/picture/website/" "Mozilla/5.0 (Windows NT 10.0; Win64; x64) AppleWebKit/537.36 (KHTML, like Gecko) Chrome/81.0.4044.138 Safari/537.36"
::ffff:127.0.0.1 - - [13/May/2020:10:03:39 +0000] "POST /project/api/common/v1/login HTTP/1.1" 200 171 "http://localhost:8081/demo/picture/website/" "Mozilla/5.0 (iPhone; CPU iPhone OS 13_2_3 like Mac OS X) AppleWebKit/605.1.15 (KHTML, like Gecko) Version/13.0.3 Mobile/15E148 Safari/604.1"
::ffff:127.0.0.1 - - [13/May/2020:10:03:47 +0000] "OPTIONS /project/api/common/v1/login HTTP/1.1" 200 2 "http://localhost:8081/demo/picture/website/" "Mozilla/5.0 (Windows NT 10.0; Win64; x64) AppleWebKit/537.36 (KHTML, like Gecko) Chrome/81.0.4044.138 Safari/537.36"
::ffff:127.0.0.1 - - [13/May/2020:10:03:47 +0000] "POST /project/api/common/v1/login HTTP/1.1" 200 171 "http://localhost:8081/demo/picture/website/" "Mozilla/5.0 (iPhone; CPU iPhone OS 13_2_3 like Mac OS X) AppleWebKit/605.1.15 (KHTML, like Gecko) Version/13.0.3 Mobile/15E148 Safari/604.1"
::1 - - [13/May/2020:10:06:08 +0000] "OPTIONS /project/api/common/v1/login HTTP/1.1" 200 2 "http://localhost:8081/demo/picture/website/" "Mozilla/5.0 (Windows NT 10.0; Win64; x64) AppleWebKit/537.36 (KHTML, like Gecko) Chrome/81.0.4044.138 Safari/537.36"
::1 - - [13/May/2020:10:06:08 +0000] "POST /project/api/common/v1/login HTTP/1.1" 200 100 "http://localhost:8081/demo/picture/website/" "Mozilla/5.0 (iPhone; CPU iPhone OS 13_2_3 like Mac OS X) AppleWebKit/605.1.15 (KHTML, like Gecko) Version/13.0.3 Mobile/15E148 Safari/604.1"
::1 - - [13/May/2020:10:19:58 +0000] "OPTIONS /project/api/common/v1/login HTTP/1.1" 200 2 "http://localhost:8081/demo/picture/website/" "Mozilla/5.0 (Windows NT 10.0; Win64; x64) AppleWebKit/537.36 (KHTML, like Gecko) Chrome/81.0.4044.138 Safari/537.36"
::1 - - [13/May/2020:10:19:59 +0000] "POST /project/api/common/v1/login HTTP/1.1" 200 100 "http://localhost:8081/demo/picture/website/" "Mozilla/5.0 (iPhone; CPU iPhone OS 13_2_3 like Mac OS X) AppleWebKit/605.1.15 (KHTML, like Gecko) Version/13.0.3 Mobile/15E148 Safari/604.1"
::1 - - [13/May/2020:10:24:57 +0000] "OPTIONS /project/api/common/v1/login HTTP/1.1" 200 2 "http://localhost:8081/demo/picture/website/" "Mozilla/5.0 (Windows NT 10.0; Win64; x64) AppleWebKit/537.36 (KHTML, like Gecko) Chrome/81.0.4044.138 Safari/537.36"
::1 - - [13/May/2020:10:24:57 +0000] "POST /project/api/common/v1/login HTTP/1.1" 200 132 "http://localhost:8081/demo/picture/website/" "Mozilla/5.0 (iPhone; CPU iPhone OS 13_2_3 like Mac OS X) AppleWebKit/605.1.15 (KHTML, like Gecko) Version/13.0.3 Mobile/15E148 Safari/604.1"
::1 - - [13/May/2020:10:28:26 +0000] "OPTIONS /project/api/common/v1/login HTTP/1.1" 200 2 "http://localhost:8081/demo/picture/website/" "Mozilla/5.0 (Windows NT 10.0; Win64; x64) AppleWebKit/537.36 (KHTML, like Gecko) Chrome/81.0.4044.138 Safari/537.36"
::1 - - [13/May/2020:10:28:26 +0000] "POST /project/api/common/v1/login HTTP/1.1" 200 132 "http://localhost:8081/demo/picture/website/" "Mozilla/5.0 (iPhone; CPU iPhone OS 13_2_3 like Mac OS X) AppleWebKit/605.1.15 (KHTML, like Gecko) Version/13.0.3 Mobile/15E148 Safari/604.1"
::1 - - [13/May/2020:10:30:27 +0000] "OPTIONS /project/api/common/v1/send_sms HTTP/1.1" 200 2 "http://localhost:8081/demo/picture/website/" "Mozilla/5.0 (Windows NT 10.0; Win64; x64) AppleWebKit/537.36 (KHTML, like Gecko) Chrome/81.0.4044.138 Safari/537.36"
::1 - - [13/May/2020:10:30:27 +0000] "POST /project/api/common/v1/send_sms HTTP/1.1" 200 50 "http://localhost:8081/demo/picture/website/" "Mozilla/5.0 (iPhone; CPU iPhone OS 13_2_3 like Mac OS X) AppleWebKit/605.1.15 (KHTML, like Gecko) Version/13.0.3 Mobile/15E148 Safari/604.1"
::1 - - [13/May/2020:10:37:50 +0000] "OPTIONS /project/api/common/v1/send_sms HTTP/1.1" 200 2 "http://localhost:8081/demo/picture/website/" "Mozilla/5.0 (Windows NT 10.0; Win64; x64) AppleWebKit/537.36 (KHTML, like Gecko) Chrome/81.0.4044.138 Safari/537.36"
::1 - - [13/May/2020:10:37:51 +0000] "POST /project/api/common/v1/send_sms HTTP/1.1" 200 50 "http://localhost:8081/demo/picture/website/" "Mozilla/5.0 (iPhone; CPU iPhone OS 13_2_3 like Mac OS X) AppleWebKit/605.1.15 (KHTML, like Gecko) Version/13.0.3 Mobile/15E148 Safari/604.1"
::1 - - [13/May/2020:10:37:55 +0000] "POST /project/api/common/v1/send_sms HTTP/1.1" 200 50 "http://localhost:8081/demo/picture/website/" "Mozilla/5.0 (iPhone; CPU iPhone OS 13_2_3 like Mac OS X) AppleWebKit/605.1.15 (KHTML, like Gecko) Version/13.0.3 Mobile/15E148 Safari/604.1"
::1 - - [13/May/2020:10:38:27 +0000] "OPTIONS /project/api/common/v1/send_sms HTTP/1.1" 200 2 "http://localhost:8081/demo/picture/website/" "Mozilla/5.0 (Windows NT 10.0; Win64; x64) AppleWebKit/537.36 (KHTML, like Gecko) Chrome/81.0.4044.138 Safari/537.36"
::1 - - [13/May/2020:10:38:28 +0000] "POST /project/api/common/v1/send_sms HTTP/1.1" 200 31 "http://localhost:8081/demo/picture/website/" "Mozilla/5.0 (iPhone; CPU iPhone OS 13_2_3 like Mac OS X) AppleWebKit/605.1.15 (KHTML, like Gecko) Version/13.0.3 Mobile/15E148 Safari/604.1"
::1 - - [13/May/2020:10:39:26 +0000] "OPTIONS /project/api/common/v1/login HTTP/1.1" 200 2 "http://localhost:8081/demo/picture/website/" "Mozilla/5.0 (Windows NT 10.0; Win64; x64) AppleWebKit/537.36 (KHTML, like Gecko) Chrome/81.0.4044.138 Safari/537.36"
::1 - - [13/May/2020:10:39:27 +0000] "POST /project/api/common/v1/login HTTP/1.1" 200 132 "http://localhost:8081/demo/picture/website/" "Mozilla/5.0 (iPhone; CPU iPhone OS 13_2_3 like Mac OS X) AppleWebKit/605.1.15 (KHTML, like Gecko) Version/13.0.3 Mobile/15E148 Safari/604.1"
